<?xml version="1.0" encoding="UTF-8"?>
<Site BuildName="(empty)"
	BuildStamp="20240611-0733-Experimental"
	Name="(empty)"
	Generator="ctest-3.29.5"
	CompilerName=""
	CompilerVersion=""
	OSName="Windows"
	Hostname="echo"
	OSRelease=" Personal"
	OSVersion=" (Build 22631)"
	OSPlatform="AMD64"
	Is64Bits="1"
	VendorString=""
	VendorID="Unknown Manufacturer"
	FamilyID="0"
	ModelID="0"
	ProcessorCacheSize="0"
	NumberOfLogicalCPU="12"
	NumberOfPhysicalCPU="6"
	TotalVirtualMemory="34718"
	TotalPhysicalMemory="32670"
	LogicalProcessorsPerPhysical="2"
	ProcessorClockFrequency="3294"
	>
	<Testing>
		<StartDateTime>Jun 11 15:33 中国标准时间</StartDateTime>
		<StartTestTime>1718091222</StartTestTime>
		<TestList/>
		<EndDateTime>Jun 11 15:33 中国标准时间</EndDateTime>
		<EndTestTime>1718091222</EndTestTime>
		<ElapsedMinutes>0</ElapsedMinutes>
	</Testing>
</Site>
